final/build/app/intermediates/manifest_merge_blame_file/debug/manifest-merger-blame-debug-report.txt
1<?xml version="1.0" encoding="utf-8"?>
2<manifest xmlns:android="http://schemas.android.com/apk/res/android"
3    package="com.example.demo_chat"
4    android:versionCode="1"
5    android:versionName="1.0.0" >
6
7    <uses-sdk
8        android:minSdkVersion="19"
9        android:targetSdkVersion="33" />
10    <!--
11         The INTERNET permission is required for development. Specifically,
12         the Flutter tool needs it to communicate with the running application
13         to allow setting breakpoints, to provide hot reload, etc.
14    -->
15    <uses-permission android:name="android.permission.INTERNET" />
15-->src\debug\AndroidManifest.xml:6:5-66
15-->src\debug\AndroidManifest.xml:6:22-64
16    <uses-permission android:name="android.permission.ACCESS_FINE_LOCATION" />
16-->src\main\AndroidManifest.xml:2:5-79
16-->src\main\AndroidManifest.xml:2:22-76
17    <uses-permission android:name="android.permission.ACCESS_COARSE_LOCATION" />
17-->src\main\AndroidManifest.xml:3:5-81
17-->src\main\AndroidManifest.xml:3:22-78
18    <!--
19 Required to query activities that can process text, see:
20         https://developer.android.com/training/package-visibility?hl=en and
21         https://developer.android.com/reference/android/content/Intent#ACTION_PROCESS_TEXT.
22
23         In particular, this is used by the Flutter engine in io.flutter.plugin.text.ProcessTextPlugin.
24    -->
25    <queries>
25-->src\main\AndroidManifest.xml:40:5-45:15
26        <intent>
26-->src\main\AndroidManifest.xml:41:9-44:18
27            <action android:name="android.intent.action.PROCESS_TEXT" />
27-->src\main\AndroidManifest.xml:42:13-72
27-->src\main\AndroidManifest.xml:42:21-70
28
29            <data android:mimeType="text/plain" />
29-->src\main\AndroidManifest.xml:43:13-50
29-->src\main\AndroidManifest.xml:43:19-48
30        </intent>
31    </queries>
32
33    <uses-permission android:name="android.permission.ACCESS_NETWORK_STATE" />
33-->[com.google.firebase:firebase-auth:22.3.1] AndroidManifest.xml:26:5-79
33-->[com.google.firebase:firebase-auth:22.3.1] AndroidManifest.xml:26:22-76
34    <uses-permission android:name="com.google.android.providers.gsf.permission.READ_GSERVICES" />
34-->[com.google.android.recaptcha:recaptcha:18.4.0] AndroidManifest.xml:9:5-98
34-->[com.google.android.recaptcha:recaptcha:18.4.0] AndroidManifest.xml:9:22-95
35
36    <permission
36-->[androidx.core:core:1.10.1] AndroidManifest.xml:22:5-24:47
37        android:name="com.example.demo_chat.DYNAMIC_RECEIVER_NOT_EXPORTED_PERMISSION"
37-->[androidx.core:core:1.10.1] AndroidManifest.xml:23:9-81
38        android:protectionLevel="signature" />
38-->[androidx.core:core:1.10.1] AndroidManifest.xml:24:9-44
39
40    <uses-permission android:name="com.example.demo_chat.DYNAMIC_RECEIVER_NOT_EXPORTED_PERMISSION" />
40-->[androidx.core:core:1.10.1] AndroidManifest.xml:26:5-97
40-->[androidx.core:core:1.10.1] AndroidManifest.xml:26:22-94
41
42    <application
43        android:name="android.app.Application"
44        android:appComponentFactory="androidx.core.app.CoreComponentFactory"
44-->[androidx.core:core:1.10.1] AndroidManifest.xml:28:18-86
45        android:debuggable="true"
46        android:icon="@mipmap/ic_launcher"
47        android:label="demo_chat" >
48        <activity
49            android:name="com.example.demo_chat.MainActivity"
50            android:configChanges="orientation|keyboardHidden|keyboard|screenSize|smallestScreenSize|locale|layoutDirection|fontScale|screenLayout|density|uiMode"
51            android:exported="true"
52            android:hardwareAccelerated="true"
53            android:launchMode="singleTop"
54            android:theme="@style/LaunchTheme"
55            android:windowSoftInputMode="adjustResize" >
56
57            <!--
58                 Specifies an Android theme to apply to this Activity as soon as
59                 the Android process has started. This theme is visible to the user
60                 while the Flutter UI initializes. After that, this theme continues
61                 to determine the Window background behind the Flutter UI.
62            -->
63            <meta-data
64                android:name="io.flutter.embedding.android.NormalTheme"
65                android:resource="@style/NormalTheme" />
66
67            <intent-filter>
68                <action android:name="android.intent.action.MAIN" />
69
70                <category android:name="android.intent.category.LAUNCHER" />
71            </intent-filter>
72        </activity>
73        <!--
74             Don't delete the meta-data below.
75             This is used by the Flutter tool to generate GeneratedPluginRegistrant.java
76        -->
77        <meta-data
78            android:name="flutterEmbedding"
79            android:value="2" />
80
81        <service
81-->[:firebase_auth] AndroidManifest.xml:10:9-14:19
82            android:name="com.google.firebase.components.ComponentDiscoveryService"
82-->[:firebase_auth] AndroidManifest.xml:10:18-89
83            android:directBootAware="true"
83-->[com.google.firebase:firebase-common:20.4.3] AndroidManifest.xml:32:13-43
84            android:exported="false" >
84-->[com.google.firebase:firebase-auth:22.3.1] AndroidManifest.xml:68:13-37
85            <meta-data
85-->[:firebase_auth] AndroidManifest.xml:11:13-13:85
86                android:name="com.google.firebase.components:io.flutter.plugins.firebase.auth.FlutterFirebaseAuthRegistrar"
86-->[:firebase_auth] AndroidManifest.xml:12:17-124
87                android:value="com.google.firebase.components.ComponentRegistrar" />
87-->[:firebase_auth] AndroidManifest.xml:13:17-82
88            <meta-data
88-->[:firebase_storage] AndroidManifest.xml:11:13-13:85
89                android:name="com.google.firebase.components:io.flutter.plugins.firebase.storage.FlutterFirebaseAppRegistrar"
89-->[:firebase_storage] AndroidManifest.xml:12:17-126
90                android:value="com.google.firebase.components.ComponentRegistrar" />
90-->[:firebase_storage] AndroidManifest.xml:13:17-82
91            <meta-data
91-->[:cloud_firestore] AndroidManifest.xml:11:13-13:85
92                android:name="com.google.firebase.components:io.flutter.plugins.firebase.firestore.FlutterFirebaseFirestoreRegistrar"
92-->[:cloud_firestore] AndroidManifest.xml:12:17-134
93                android:value="com.google.firebase.components.ComponentRegistrar" />
93-->[:cloud_firestore] AndroidManifest.xml:13:17-82
94            <meta-data
94-->[:firebase_core] AndroidManifest.xml:11:13-13:85
95                android:name="com.google.firebase.components:io.flutter.plugins.firebase.core.FlutterFirebaseCoreRegistrar"
95-->[:firebase_core] AndroidManifest.xml:12:17-124
96                android:value="com.google.firebase.components.ComponentRegistrar" />
96-->[:firebase_core] AndroidManifest.xml:13:17-82
97            <meta-data
97-->[com.google.firebase:firebase-auth:22.3.1] AndroidManifest.xml:69:13-71:85
98                android:name="com.google.firebase.components:com.google.firebase.auth.FirebaseAuthRegistrar"
98-->[com.google.firebase:firebase-auth:22.3.1] AndroidManifest.xml:70:17-109
99                android:value="com.google.firebase.components.ComponentRegistrar" />
99-->[com.google.firebase:firebase-auth:22.3.1] AndroidManifest.xml:71:17-82
100            <meta-data
100-->[com.google.firebase:firebase-firestore:24.11.0] AndroidManifest.xml:17:13-19:85
101                android:name="com.google.firebase.components:com.google.firebase.firestore.FirebaseFirestoreKtxRegistrar"
101-->[com.google.firebase:firebase-firestore:24.11.0] AndroidManifest.xml:18:17-122
102                android:value="com.google.firebase.components.ComponentRegistrar" />
102-->[com.google.firebase:firebase-firestore:24.11.0] AndroidManifest.xml:19:17-82
103            <meta-data
103-->[com.google.firebase:firebase-firestore:24.11.0] AndroidManifest.xml:20:13-22:85
104                android:name="com.google.firebase.components:com.google.firebase.firestore.FirestoreRegistrar"
104-->[com.google.firebase:firebase-firestore:24.11.0] AndroidManifest.xml:21:17-111
105                android:value="com.google.firebase.components.ComponentRegistrar" />
105-->[com.google.firebase:firebase-firestore:24.11.0] AndroidManifest.xml:22:17-82
106            <meta-data
106-->[com.google.firebase:firebase-storage:20.3.0] AndroidManifest.xml:30:13-32:85
107                android:name="com.google.firebase.components:com.google.firebase.storage.FirebaseStorageKtxRegistrar"
107-->[com.google.firebase:firebase-storage:20.3.0] AndroidManifest.xml:31:17-118
108                android:value="com.google.firebase.components.ComponentRegistrar" />
108-->[com.google.firebase:firebase-storage:20.3.0] AndroidManifest.xml:32:17-82
109            <meta-data
109-->[com.google.firebase:firebase-storage:20.3.0] AndroidManifest.xml:33:13-35:85
110                android:name="com.google.firebase.components:com.google.firebase.storage.StorageRegistrar"
110-->[com.google.firebase:firebase-storage:20.3.0] AndroidManifest.xml:34:17-107
111                android:value="com.google.firebase.components.ComponentRegistrar" />
111-->[com.google.firebase:firebase-storage:20.3.0] AndroidManifest.xml:35:17-82
112            <meta-data
112-->[com.google.firebase:firebase-appcheck:17.1.2] AndroidManifest.xml:25:13-27:85
113                android:name="com.google.firebase.components:com.google.firebase.appcheck.FirebaseAppCheckKtxRegistrar"
113-->[com.google.firebase:firebase-appcheck:17.1.2] AndroidManifest.xml:26:17-120
114                android:value="com.google.firebase.components.ComponentRegistrar" />
114-->[com.google.firebase:firebase-appcheck:17.1.2] AndroidManifest.xml:27:17-82
115            <meta-data
115-->[com.google.firebase:firebase-appcheck:17.1.2] AndroidManifest.xml:28:13-30:85
116                android:name="com.google.firebase.components:com.google.firebase.appcheck.FirebaseAppCheckRegistrar"
116-->[com.google.firebase:firebase-appcheck:17.1.2] AndroidManifest.xml:29:17-117
117                android:value="com.google.firebase.components.ComponentRegistrar" />
117-->[com.google.firebase:firebase-appcheck:17.1.2] AndroidManifest.xml:30:17-82
118            <meta-data
118-->[com.google.firebase:firebase-common-ktx:20.4.3] AndroidManifest.xml:12:13-14:85
119                android:name="com.google.firebase.components:com.google.firebase.ktx.FirebaseCommonLegacyRegistrar"
119-->[com.google.firebase:firebase-common-ktx:20.4.3] AndroidManifest.xml:13:17-116
120                android:value="com.google.firebase.components.ComponentRegistrar" />
120-->[com.google.firebase:firebase-common-ktx:20.4.3] AndroidManifest.xml:14:17-82
121            <meta-data
121-->[com.google.firebase:firebase-common:20.4.3] AndroidManifest.xml:35:13-37:85
122                android:name="com.google.firebase.components:com.google.firebase.FirebaseCommonKtxRegistrar"
122-->[com.google.firebase:firebase-common:20.4.3] AndroidManifest.xml:36:17-109
123                android:value="com.google.firebase.components.ComponentRegistrar" />
123-->[com.google.firebase:firebase-common:20.4.3] AndroidManifest.xml:37:17-82
124        </service>
125        <service
125-->[:geolocator_android] AndroidManifest.xml:10:9-14:56
126            android:name="com.baseflow.geolocator.GeolocatorLocationService"
126-->[:geolocator_android] AndroidManifest.xml:11:13-77
127            android:enabled="true"
127-->[:geolocator_android] AndroidManifest.xml:12:13-35
128            android:exported="false"
128-->[:geolocator_android] AndroidManifest.xml:13:13-37
129            android:foregroundServiceType="location" />
129-->[:geolocator_android] AndroidManifest.xml:14:13-53
130
131        <provider
131-->[:image_picker_android] AndroidManifest.xml:11:9-19:20
132            android:name="io.flutter.plugins.imagepicker.ImagePickerFileProvider"
132-->[:image_picker_android] AndroidManifest.xml:12:13-82
133            android:authorities="com.example.demo_chat.flutter.image_provider"
133-->[:image_picker_android] AndroidManifest.xml:13:13-74
134            android:exported="false"
134-->[:image_picker_android] AndroidManifest.xml:14:13-37
135            android:grantUriPermissions="true" >
135-->[:image_picker_android] AndroidManifest.xml:15:13-47
136            <meta-data
136-->[:image_picker_android] AndroidManifest.xml:16:13-18:75
137                android:name="android.support.FILE_PROVIDER_PATHS"
137-->[:image_picker_android] AndroidManifest.xml:17:17-67
138                android:resource="@xml/flutter_image_picker_file_paths" />
138-->[:image_picker_android] AndroidManifest.xml:18:17-72
139        </provider> <!-- Trigger Google Play services to install the backported photo picker module. -->
140        <service
140-->[:image_picker_android] AndroidManifest.xml:21:9-33:19
141            android:name="com.google.android.gms.metadata.ModuleDependencies"
141-->[:image_picker_android] AndroidManifest.xml:22:13-78
142            android:enabled="false"
142-->[:image_picker_android] AndroidManifest.xml:23:13-36
143            android:exported="false" >
143-->[:image_picker_android] AndroidManifest.xml:24:13-37
144            <intent-filter>
144-->[:image_picker_android] AndroidManifest.xml:26:13-28:29
145                <action android:name="com.google.android.gms.metadata.MODULE_DEPENDENCIES" />
145-->[:image_picker_android] AndroidManifest.xml:27:17-94
145-->[:image_picker_android] AndroidManifest.xml:27:25-91
146            </intent-filter>
147
148            <meta-data
148-->[:image_picker_android] AndroidManifest.xml:30:13-32:36
149                android:name="photopicker_activity:0:required"
149-->[:image_picker_android] AndroidManifest.xml:31:17-63
150                android:value="" />
150-->[:image_picker_android] AndroidManifest.xml:32:17-33
151        </service>
152
153        <activity
153-->[com.google.firebase:firebase-auth:22.3.1] AndroidManifest.xml:29:9-46:20
154            android:name="com.google.firebase.auth.internal.GenericIdpActivity"
154-->[com.google.firebase:firebase-auth:22.3.1] AndroidManifest.xml:30:13-80
155            android:excludeFromRecents="true"
155-->[com.google.firebase:firebase-auth:22.3.1] AndroidManifest.xml:31:13-46
156            android:exported="true"
156-->[com.google.firebase:firebase-auth:22.3.1] AndroidManifest.xml:32:13-36
157            android:launchMode="singleTask"
157-->[com.google.firebase:firebase-auth:22.3.1] AndroidManifest.xml:33:13-44
158            android:theme="@android:style/Theme.Translucent.NoTitleBar" >
158-->[com.google.firebase:firebase-auth:22.3.1] AndroidManifest.xml:34:13-72
159            <intent-filter>
159-->[com.google.firebase:firebase-auth:22.3.1] AndroidManifest.xml:35:13-45:29
160                <action android:name="android.intent.action.VIEW" />
160-->[com.google.firebase:firebase-auth:22.3.1] AndroidManifest.xml:36:17-69
160-->[com.google.firebase:firebase-auth:22.3.1] AndroidManifest.xml:36:25-66
161
162                <category android:name="android.intent.category.DEFAULT" />
162-->[com.google.firebase:firebase-auth:22.3.1] AndroidManifest.xml:38:17-76
162-->[com.google.firebase:firebase-auth:22.3.1] AndroidManifest.xml:38:27-73
163                <category android:name="android.intent.category.BROWSABLE" />
163-->[com.google.firebase:firebase-auth:22.3.1] AndroidManifest.xml:39:17-78
163-->[com.google.firebase:firebase-auth:22.3.1] AndroidManifest.xml:39:27-75
164
165                <data
165-->src\main\AndroidManifest.xml:43:13-50
166                    android:host="firebase.auth"
167                    android:path="/"
168                    android:scheme="genericidp" />
169            </intent-filter>
170        </activity>
171        <activity
171-->[com.google.firebase:firebase-auth:22.3.1] AndroidManifest.xml:47:9-64:20
172            android:name="com.google.firebase.auth.internal.RecaptchaActivity"
172-->[com.google.firebase:firebase-auth:22.3.1] AndroidManifest.xml:48:13-79
173            android:excludeFromRecents="true"
173-->[com.google.firebase:firebase-auth:22.3.1] AndroidManifest.xml:49:13-46
174            android:exported="true"
174-->[com.google.firebase:firebase-auth:22.3.1] AndroidManifest.xml:50:13-36
175            android:launchMode="singleTask"
175-->[com.google.firebase:firebase-auth:22.3.1] AndroidManifest.xml:51:13-44
176            android:theme="@android:style/Theme.Translucent.NoTitleBar" >
176-->[com.google.firebase:firebase-auth:22.3.1] AndroidManifest.xml:52:13-72
177            <intent-filter>
177-->[com.google.firebase:firebase-auth:22.3.1] AndroidManifest.xml:53:13-63:29
178                <action android:name="android.intent.action.VIEW" />
178-->[com.google.firebase:firebase-auth:22.3.1] AndroidManifest.xml:36:17-69
178-->[com.google.firebase:firebase-auth:22.3.1] AndroidManifest.xml:36:25-66
179
180                <category android:name="android.intent.category.DEFAULT" />
180-->[com.google.firebase:firebase-auth:22.3.1] AndroidManifest.xml:38:17-76
180-->[com.google.firebase:firebase-auth:22.3.1] AndroidManifest.xml:38:27-73
181                <category android:name="android.intent.category.BROWSABLE" />
181-->[com.google.firebase:firebase-auth:22.3.1] AndroidManifest.xml:39:17-78
181-->[com.google.firebase:firebase-auth:22.3.1] AndroidManifest.xml:39:27-75
182
183                <data
183-->src\main\AndroidManifest.xml:43:13-50
184                    android:host="firebase.auth"
185                    android:path="/"
186                    android:scheme="recaptcha" />
187            </intent-filter>
188        </activity>
189        <activity
189-->[com.google.android.gms:play-services-base:18.1.0] AndroidManifest.xml:20:9-22:45
190            android:name="com.google.android.gms.common.api.GoogleApiActivity"
190-->[com.google.android.gms:play-services-base:18.1.0] AndroidManifest.xml:20:19-85
191            android:exported="false"
191-->[com.google.android.gms:play-services-base:18.1.0] AndroidManifest.xml:22:19-43
192            android:theme="@android:style/Theme.Translucent.NoTitleBar" />
192-->[com.google.android.gms:play-services-base:18.1.0] AndroidManifest.xml:21:19-78
193
194        <provider
194-->[com.google.firebase:firebase-common:20.4.3] AndroidManifest.xml:23:9-28:39
195            android:name="com.google.firebase.provider.FirebaseInitProvider"
195-->[com.google.firebase:firebase-common:20.4.3] AndroidManifest.xml:24:13-77
196            android:authorities="com.example.demo_chat.firebaseinitprovider"
196-->[com.google.firebase:firebase-common:20.4.3] AndroidManifest.xml:25:13-72
197            android:directBootAware="true"
197-->[com.google.firebase:firebase-common:20.4.3] AndroidManifest.xml:26:13-43
198            android:exported="false"
198-->[com.google.firebase:firebase-common:20.4.3] AndroidManifest.xml:27:13-37
199            android:initOrder="100" />
199-->[com.google.firebase:firebase-common:20.4.3] AndroidManifest.xml:28:13-36
200
201        <meta-data
201-->[com.google.android.gms:play-services-basement:18.3.0] AndroidManifest.xml:21:9-23:69
202            android:name="com.google.android.gms.version"
202-->[com.google.android.gms:play-services-basement:18.3.0] AndroidManifest.xml:22:13-58
203            android:value="@integer/google_play_services_version" />
203-->[com.google.android.gms:play-services-basement:18.3.0] AndroidManifest.xml:23:13-66
204
205        <uses-library
205-->[androidx.window:window:1.0.0-beta04] AndroidManifest.xml:25:9-27:40
206            android:name="androidx.window.extensions"
206-->[androidx.window:window:1.0.0-beta04] AndroidManifest.xml:26:13-54
207            android:required="false" />
207-->[androidx.window:window:1.0.0-beta04] AndroidManifest.xml:27:13-37
208        <uses-library
208-->[androidx.window:window:1.0.0-beta04] AndroidManifest.xml:28:9-30:40
209            android:name="androidx.window.sidecar"
209-->[androidx.window:window:1.0.0-beta04] AndroidManifest.xml:29:13-51
210            android:required="false" />
210-->[androidx.window:window:1.0.0-beta04] AndroidManifest.xml:30:13-37
211
212        <provider
212-->[androidx.profileinstaller:profileinstaller:1.3.0] AndroidManifest.xml:24:9-32:20
213            android:name="androidx.startup.InitializationProvider"
213-->[androidx.profileinstaller:profileinstaller:1.3.0] AndroidManifest.xml:25:13-67
214            android:authorities="com.example.demo_chat.androidx-startup"
214-->[androidx.profileinstaller:profileinstaller:1.3.0] AndroidManifest.xml:26:13-68
215            android:exported="false" >
215-->[androidx.profileinstaller:profileinstaller:1.3.0] AndroidManifest.xml:27:13-37
216            <meta-data
216-->[androidx.profileinstaller:profileinstaller:1.3.0] AndroidManifest.xml:29:13-31:52
217                android:name="androidx.profileinstaller.ProfileInstallerInitializer"
217-->[androidx.profileinstaller:profileinstaller:1.3.0] AndroidManifest.xml:30:17-85
218                android:value="androidx.startup" />
218-->[androidx.profileinstaller:profileinstaller:1.3.0] AndroidManifest.xml:31:17-49
219        </provider>
220
221        <receiver
221-->[androidx.profileinstaller:profileinstaller:1.3.0] AndroidManifest.xml:34:9-52:20
222            android:name="androidx.profileinstaller.ProfileInstallReceiver"
222-->[androidx.profileinstaller:profileinstaller:1.3.0] AndroidManifest.xml:35:13-76
223            android:directBootAware="false"
223-->[androidx.profileinstaller:profileinstaller:1.3.0] AndroidManifest.xml:36:13-44
224            android:enabled="true"
224-->[androidx.profileinstaller:profileinstaller:1.3.0] AndroidManifest.xml:37:13-35
225            android:exported="true"
225-->[androidx.profileinstaller:profileinstaller:1.3.0] AndroidManifest.xml:38:13-36
226            android:permission="android.permission.DUMP" >
226-->[androidx.profileinstaller:profileinstaller:1.3.0] AndroidManifest.xml:39:13-57
227            <intent-filter>
227-->[androidx.profileinstaller:profileinstaller:1.3.0] AndroidManifest.xml:40:13-42:29
228                <action android:name="androidx.profileinstaller.action.INSTALL_PROFILE" />
228-->[androidx.profileinstaller:profileinstaller:1.3.0] AndroidManifest.xml:41:17-91
228-->[androidx.profileinstaller:profileinstaller:1.3.0] AndroidManifest.xml:41:25-88
229            </intent-filter>
230            <intent-filter>
230-->[androidx.profileinstaller:profileinstaller:1.3.0] AndroidManifest.xml:43:13-45:29
231                <action android:name="androidx.profileinstaller.action.SKIP_FILE" />
231-->[androidx.profileinstaller:profileinstaller:1.3.0] AndroidManifest.xml:44:17-85
231-->[androidx.profileinstaller:profileinstaller:1.3.0] AndroidManifest.xml:44:25-82
232            </intent-filter>
233            <intent-filter>
233-->[androidx.profileinstaller:profileinstaller:1.3.0] AndroidManifest.xml:46:13-48:29
234                <action android:name="androidx.profileinstaller.action.SAVE_PROFILE" />
234-->[androidx.profileinstaller:profileinstaller:1.3.0] AndroidManifest.xml:47:17-88
234-->[androidx.profileinstaller:profileinstaller:1.3.0] AndroidManifest.xml:47:25-85
235            </intent-filter>
236            <intent-filter>
236-->[androidx.profileinstaller:profileinstaller:1.3.0] AndroidManifest.xml:49:13-51:29
237                <action android:name="androidx.profileinstaller.action.BENCHMARK_OPERATION" />
237-->[androidx.profileinstaller:profileinstaller:1.3.0] AndroidManifest.xml:50:17-95
237-->[androidx.profileinstaller:profileinstaller:1.3.0] AndroidManifest.xml:50:25-92
238            </intent-filter>
239        </receiver>
240    </application>
241
242</manifest>